<?xml version="1.0" encoding="UTF-8"?>
<coverage generated="1781830848773" clover="3.2.0">
  <project timestamp="1781830848774" name="All files">
    <metrics statements="193" coveredstatements="155" conditionals="96" coveredconditionals="45" methods="59" coveredmethods="44" elements="348" coveredelements="244" complexity="0" loc="193" ncloc="193" packages="4" files="8" classes="8"/>
    <package name="src">
      <metrics statements="24" coveredstatements="18" conditionals="18" coveredconditionals="9" methods="5" coveredmethods="3"/>
      <file name="api.js" path="/home/blutsenko/projects/kpi/k5s2/ui/lab2/frontend/src/api.js">
        <metrics statements="24" coveredstatements="18" conditionals="18" coveredconditionals="9" methods="5" coveredmethods="3"/>
        <line num="1" count="24" type="stmt"/>
        <line num="2" count="5" type="stmt"/>
        <line num="3" count="1" type="stmt"/>
        <line num="4" count="1" type="stmt"/>
        <line num="6" count="5" type="stmt"/>
        <line num="7" count="0" type="stmt"/>
        <line num="8" count="0" type="stmt"/>
        <line num="11" count="5" type="cond" truecount="1" falsecount="0"/>
        <line num="12" count="10" type="stmt"/>
        <line num="13" count="10" type="stmt"/>
        <line num="18" count="10" type="cond" truecount="2" falsecount="0"/>
        <line num="19" count="6" type="stmt"/>
        <line num="22" count="10" type="cond" truecount="1" falsecount="1"/>
        <line num="23" count="10" type="stmt"/>
        <line num="28" count="10" type="cond" truecount="2" falsecount="2"/>
        <line num="31" count="0" type="stmt"/>
        <line num="32" count="0" type="stmt"/>
        <line num="33" count="0" type="stmt"/>
        <line num="37" count="10" type="cond" truecount="2" falsecount="0"/>
        <line num="38" count="1" type="stmt"/>
        <line num="41" count="9" type="stmt"/>
        <line num="43" count="9" type="cond" truecount="1" falsecount="1"/>
        <line num="44" count="0" type="cond" truecount="0" falsecount="5"/>
        <line num="47" count="9" type="stmt"/>
      </file>
    </package>
    <package name="src.context">
      <metrics statements="14" coveredstatements="12" conditionals="2" coveredconditionals="2" methods="5" coveredmethods="4"/>
      <file name="AuthContext.jsx" path="/home/blutsenko/projects/kpi/k5s2/ui/lab2/frontend/src/context/AuthContext.jsx">
        <metrics statements="14" coveredstatements="12" conditionals="2" coveredconditionals="2" methods="5" coveredmethods="4"/>
        <line num="4" count="4" type="stmt"/>
        <line num="6" count="13" type="stmt"/>
        <line num="8" count="4" type="stmt"/>
        <line num="9" count="21" type="stmt"/>
        <line num="11" count="21" type="stmt"/>
        <line num="12" count="14" type="stmt"/>
        <line num="13" count="14" type="cond" truecount="2" falsecount="0"/>
        <line num="14" count="6" type="stmt"/>
        <line num="18" count="21" type="stmt"/>
        <line num="19" count="1" type="stmt"/>
        <line num="22" count="21" type="stmt"/>
        <line num="23" count="0" type="stmt"/>
        <line num="24" count="0" type="stmt"/>
        <line num="27" count="21" type="stmt"/>
      </file>
    </package>
    <package name="src.hooks">
      <metrics statements="38" coveredstatements="26" conditionals="14" coveredconditionals="2" methods="10" coveredmethods="6"/>
      <file name="useWebSocket.js" path="/home/blutsenko/projects/kpi/k5s2/ui/lab2/frontend/src/hooks/useWebSocket.js">
        <metrics statements="38" coveredstatements="26" conditionals="14" coveredconditionals="2" methods="10" coveredmethods="6"/>
        <line num="4" count="40" type="stmt"/>
        <line num="5" count="40" type="stmt"/>
        <line num="6" count="40" type="stmt"/>
        <line num="8" count="40" type="stmt"/>
        <line num="9" count="40" type="stmt"/>
        <line num="12" count="40" type="stmt"/>
        <line num="13" count="3" type="stmt"/>
        <line num="14" count="3" type="cond" truecount="1" falsecount="1"/>
        <line num="16" count="3" type="stmt"/>
        <line num="17" count="3" type="stmt"/>
        <line num="19" count="3" type="stmt"/>
        <line num="20" count="3" type="stmt"/>
        <line num="21" count="3" type="stmt"/>
        <line num="24" count="3" type="stmt"/>
        <line num="25" count="0" type="stmt"/>
        <line num="26" count="0" type="cond" truecount="0" falsecount="2"/>
        <line num="27" count="0" type="stmt"/>
        <line num="31" count="3" type="stmt"/>
        <line num="32" count="0" type="stmt"/>
        <line num="33" count="0" type="cond" truecount="0" falsecount="2"/>
        <line num="34" count="0" type="stmt"/>
        <line num="36" count="0" type="stmt"/>
        <line num="40" count="3" type="stmt"/>
        <line num="41" count="0" type="stmt"/>
        <line num="42" count="0" type="cond" truecount="0" falsecount="2"/>
        <line num="43" count="0" type="stmt"/>
        <line num="47" count="3" type="stmt"/>
        <line num="50" count="40" type="stmt"/>
        <line num="51" count="3" type="stmt"/>
        <line num="52" count="3" type="stmt"/>
        <line num="53" count="3" type="cond" truecount="1" falsecount="1"/>
        <line num="54" count="3" type="stmt"/>
        <line num="55" count="3" type="stmt"/>
        <line num="56" count="3" type="stmt"/>
        <line num="61" count="40" type="stmt"/>
        <line num="62" count="0" type="cond" truecount="0" falsecount="4"/>
        <line num="63" count="0" type="stmt"/>
        <line num="67" count="40" type="stmt"/>
      </file>
    </package>
    <package name="src.pages">
      <metrics statements="117" coveredstatements="99" conditionals="62" coveredconditionals="32" methods="39" coveredmethods="31"/>
      <file name="About.jsx" path="/home/blutsenko/projects/kpi/k5s2/ui/lab2/frontend/src/pages/About.jsx">
        <metrics statements="17" coveredstatements="14" conditionals="12" coveredconditionals="7" methods="4" coveredmethods="3"/>
        <line num="7" count="3" type="stmt"/>
        <line num="8" count="3" type="stmt"/>
        <line num="10" count="3" type="stmt"/>
        <line num="11" count="2" type="stmt"/>
        <line num="12" count="2" type="stmt"/>
        <line num="13" count="2" type="stmt"/>
        <line num="14" count="2" type="stmt"/>
        <line num="16" count="0" type="stmt"/>
        <line num="18" count="2" type="stmt"/>
        <line num="21" count="2" type="stmt"/>
        <line num="24" count="3" type="cond" truecount="2" falsecount="0"/>
        <line num="25" count="2" type="stmt"/>
        <line num="32" count="1" type="cond" truecount="1" falsecount="1"/>
        <line num="33" count="3" type="cond" truecount="1" falsecount="1"/>
        <line num="35" count="3" type="stmt"/>
        <line num="68" count="0" type="stmt"/>
        <line num="69" count="0" type="stmt"/>
      </file>
      <file name="Dashboard.jsx" path="/home/blutsenko/projects/kpi/k5s2/ui/lab2/frontend/src/pages/Dashboard.jsx">
        <metrics statements="38" coveredstatements="34" conditionals="16" coveredconditionals="13" methods="13" coveredmethods="13"/>
        <line num="22" count="33" type="stmt"/>
        <line num="23" count="33" type="stmt"/>
        <line num="24" count="33" type="stmt"/>
        <line num="26" count="33" type="stmt"/>
        <line num="27" count="3" type="stmt"/>
        <line num="28" count="3" type="stmt"/>
        <line num="29" count="3" type="stmt"/>
        <line num="31" count="0" type="stmt"/>
        <line num="33" count="3" type="stmt"/>
        <line num="37" count="33" type="stmt"/>
        <line num="38" count="3" type="stmt"/>
        <line num="41" count="33" type="stmt"/>
        <line num="42" count="1" type="stmt"/>
        <line num="43" count="1" type="cond" truecount="1" falsecount="1"/>
        <line num="45" count="1" type="stmt"/>
        <line num="46" count="1" type="stmt"/>
        <line num="50" count="1" type="stmt"/>
        <line num="51" count="1" type="stmt"/>
        <line num="53" count="0" type="stmt"/>
        <line num="57" count="33" type="stmt"/>
        <line num="58" count="1" type="stmt"/>
        <line num="59" count="1" type="stmt"/>
        <line num="63" count="1" type="stmt"/>
        <line num="64" count="1" type="cond" truecount="1" falsecount="1"/>
        <line num="67" count="0" type="stmt"/>
        <line num="71" count="33" type="stmt"/>
        <line num="72" count="1" type="stmt"/>
        <line num="73" count="1" type="stmt"/>
        <line num="74" count="1" type="stmt"/>
        <line num="76" count="0" type="stmt"/>
        <line num="80" count="33" type="stmt"/>
        <line num="82" count="33" type="cond" truecount="2" falsecount="0"/>
        <line num="83" count="3" type="stmt"/>
        <line num="90" count="30" type="stmt"/>
        <line num="111" count="25" type="stmt"/>
        <line num="136" count="2" type="stmt"/>
        <line num="148" count="1" type="stmt"/>
        <line num="157" count="1" type="stmt"/>
      </file>
      <file name="Login.jsx" path="/home/blutsenko/projects/kpi/k5s2/ui/lab2/frontend/src/pages/Login.jsx">
        <metrics statements="12" coveredstatements="11" conditionals="0" coveredconditionals="0" methods="2" coveredmethods="2"/>
        <line num="22" count="1" type="stmt"/>
        <line num="28" count="13" type="stmt"/>
        <line num="29" count="13" type="stmt"/>
        <line num="31" count="13" type="stmt"/>
        <line num="35" count="13" type="stmt"/>
        <line num="36" count="1" type="stmt"/>
        <line num="37" count="1" type="stmt"/>
        <line num="41" count="1" type="stmt"/>
        <line num="42" count="1" type="stmt"/>
        <line num="43" count="1" type="stmt"/>
        <line num="45" count="0" type="stmt"/>
        <line num="49" count="13" type="stmt"/>
      </file>
      <file name="Register.jsx" path="/home/blutsenko/projects/kpi/k5s2/ui/lab2/frontend/src/pages/Register.jsx">
        <metrics statements="16" coveredstatements="15" conditionals="2" coveredconditionals="1" methods="7" coveredmethods="7"/>
        <line num="20" count="1" type="stmt"/>
        <line num="29" count="12" type="stmt"/>
        <line num="30" count="12" type="stmt"/>
        <line num="34" count="12" type="stmt"/>
        <line num="35" count="1" type="stmt"/>
        <line num="36" count="1" type="stmt"/>
        <line num="37" count="1" type="stmt"/>
        <line num="47" count="1" type="stmt"/>
        <line num="48" count="1" type="stmt"/>
        <line num="50" count="0" type="stmt"/>
        <line num="54" count="12" type="stmt"/>
        <line num="77" count="23" type="stmt"/>
        <line num="93" count="50" type="stmt"/>
        <line num="111" count="12" type="stmt"/>
        <line num="131" count="12" type="stmt"/>
        <line num="149" count="26" type="stmt"/>
      </file>
      <file name="SharedTasks.jsx" path="/home/blutsenko/projects/kpi/k5s2/ui/lab2/frontend/src/pages/SharedTasks.jsx">
        <metrics statements="34" coveredstatements="25" conditionals="32" coveredconditionals="11" methods="13" coveredmethods="6"/>
        <line num="6" count="40" type="stmt"/>
        <line num="7" count="40" type="stmt"/>
        <line num="8" count="40" type="stmt"/>
        <line num="10" count="40" type="cond" truecount="1" falsecount="1"/>
        <line num="14" count="40" type="stmt"/>
        <line num="15" count="0" type="cond" truecount="0" falsecount="2"/>
        <line num="16" count="0" type="cond" truecount="0" falsecount="2"/>
        <line num="17" count="0" type="stmt"/>
        <line num="18" count="0" type="cond" truecount="0" falsecount="2"/>
        <line num="19" count="0" type="stmt"/>
        <line num="21" count="0" type="cond" truecount="0" falsecount="2"/>
        <line num="22" count="0" type="cond" truecount="0" falsecount="2"/>
        <line num="23" count="0" type="cond" truecount="0" falsecount="2"/>
        <line num="24" count="0" type="stmt"/>
        <line num="29" count="40" type="stmt"/>
        <line num="30" count="3" type="stmt"/>
        <line num="31" count="3" type="stmt"/>
        <line num="32" count="3" type="cond" truecount="1" falsecount="1"/>
        <line num="35" count="3" type="cond" truecount="1" falsecount="1"/>
        <line num="36" count="3" type="stmt"/>
        <line num="37" count="3" type="stmt"/>
        <line num="39" count="3" type="stmt"/>
        <line num="41" count="3" type="stmt"/>
        <line num="44" count="40" type="stmt"/>
        <line num="45" count="1" type="stmt"/>
        <line num="46" count="1" type="cond" truecount="1" falsecount="1"/>
        <line num="48" count="1" type="stmt"/>
        <line num="49" count="1" type="cond" truecount="1" falsecount="1"/>
        <line num="58" count="1" type="cond" truecount="1" falsecount="1"/>
        <line num="59" count="1" type="stmt"/>
        <line num="63" count="40" type="cond" truecount="2" falsecount="0"/>
        <line num="65" count="35" type="stmt"/>
        <line num="80" count="32" type="stmt"/>
        <line num="87" count="105" type="stmt"/>
      </file>
    </package>
  </project>
</coverage>
