{"/home/blutsenko/projects/kpi/k5s2/ui/lab2/frontend/src/api.js": {"path":"/home/blutsenko/projects/kpi/k5s2/ui/lab2/frontend/src/api.js","statementMap":{"0":{"start":{"line":1,"column":71},"end":{"line":1,"column":null}},"1":{"start":{"line":2,"column":13},"end":{"line":5,"column":null}},"2":{"start":{"line":3,"column":2},"end":{"line":3,"column":null}},"3":{"start":{"line":4,"column":2},"end":{"line":4,"column":null}},"4":{"start":{"line":6,"column":13},"end":{"line":9,"column":null}},"5":{"start":{"line":7,"column":2},"end":{"line":7,"column":null}},"6":{"start":{"line":8,"column":2},"end":{"line":8,"column":null}},"7":{"start":{"line":11,"column":24},"end":{"line":48,"column":null}},"8":{"start":{"line":12,"column":16},"end":{"line":12,"column":null}},"9":{"start":{"line":13,"column":18},"end":{"line":16,"column":null}},"10":{"start":{"line":18,"column":2},"end":{"line":20,"column":null}},"11":{"start":{"line":19,"column":4},"end":{"line":19,"column":null}},"12":{"start":{"line":22,"column":18},"end":{"line":22,"column":null}},"13":{"start":{"line":23,"column":19},"end":{"line":26,"column":null}},"14":{"start":{"line":28,"column":2},"end":{"line":34,"column":null}},"15":{"start":{"line":31,"column":4},"end":{"line":31,"column":null}},"16":{"start":{"line":32,"column":4},"end":{"line":32,"column":null}},"17":{"start":{"line":33,"column":4},"end":{"line":33,"column":null}},"18":{"start":{"line":37,"column":2},"end":{"line":39,"column":null}},"19":{"start":{"line":38,"column":4},"end":{"line":38,"column":null}},"20":{"start":{"line":41,"column":15},"end":{"line":41,"column":null}},"21":{"start":{"line":41,"column":49},"end":{"line":41,"column":53}},"22":{"start":{"line":43,"column":2},"end":{"line":45,"column":null}},"23":{"start":{"line":44,"column":4},"end":{"line":44,"column":null}},"24":{"start":{"line":47,"column":2},"end":{"line":47,"column":null}}},"fnMap":{"0":{"name":"(anonymous_0)","decl":{"start":{"line":1,"column":71},"end":{"line":1,"column":null}},"loc":{"start":{"line":1,"column":71},"end":{"line":1,"column":null}},"line":1},"1":{"name":"(anonymous_1)","decl":{"start":{"line":2,"column":13},"end":{"line":2,"column":26}},"loc":{"start":{"line":2,"column":46},"end":{"line":5,"column":null}},"line":2},"2":{"name":"(anonymous_2)","decl":{"start":{"line":6,"column":13},"end":{"line":6,"column":33}},"loc":{"start":{"line":6,"column":33},"end":{"line":9,"column":null}},"line":6},"3":{"name":"(anonymous_3)","decl":{"start":{"line":11,"column":24},"end":{"line":11,"column":31}},"loc":{"start":{"line":11,"column":58},"end":{"line":48,"column":null}},"line":11},"4":{"name":"(anonymous_4)","decl":{"start":{"line":41,"column":37},"end":{"line":41,"column":49}},"loc":{"start":{"line":41,"column":49},"end":{"line":41,"column":53}},"line":41}},"branchMap":{"0":{"loc":{"start":{"line":11,"column":41},"end":{"line":11,"column":58}},"type":"default-arg","locations":[{"start":{"line":11,"column":51},"end":{"line":11,"column":58}}],"line":11},"1":{"loc":{"start":{"line":18,"column":2},"end":{"line":20,"column":null}},"type":"if","locations":[{"start":{"line":18,"column":2},"end":{"line":20,"column":null}},{"start":{},"end":{}}],"line":18},"2":{"loc":{"start":{"line":22,"column":18},"end":{"line":22,"column":null}},"type":"binary-expr","locations":[{"start":{"line":22,"column":18},"end":{"line":22,"column":50}},{"start":{"line":22,"column":50},"end":{"line":22,"column":null}}],"line":22},"3":{"loc":{"start":{"line":28,"column":2},"end":{"line":34,"column":null}},"type":"if","locations":[{"start":{"line":28,"column":2},"end":{"line":34,"column":null}},{"start":{},"end":{}}],"line":28},"4":{"loc":{"start":{"line":28,"column":6},"end":{"line":28,"column":40}},"type":"binary-expr","locations":[{"start":{"line":28,"column":6},"end":{"line":28,"column":33}},{"start":{"line":28,"column":33},"end":{"line":28,"column":40}}],"line":28},"5":{"loc":{"start":{"line":37,"column":2},"end":{"line":39,"column":null}},"type":"if","locations":[{"start":{"line":37,"column":2},"end":{"line":39,"column":null}},{"start":{},"end":{}}],"line":37},"6":{"loc":{"start":{"line":43,"column":2},"end":{"line":45,"column":null}},"type":"if","locations":[{"start":{"line":43,"column":2},"end":{"line":45,"column":null}},{"start":{},"end":{}}],"line":43},"7":{"loc":{"start":{"line":44,"column":21},"end":{"line":44,"column":105}},"type":"binary-expr","locations":[{"start":{"line":44,"column":21},"end":{"line":44,"column":30}},{"start":{"line":44,"column":30},"end":{"line":44,"column":45}},{"start":{"line":44,"column":45},"end":{"line":44,"column":59}},{"start":{"line":44,"column":59},"end":{"line":44,"column":85}},{"start":{"line":44,"column":85},"end":{"line":44,"column":105}}],"line":44}},"s":{"0":24,"1":5,"2":1,"3":1,"4":5,"5":0,"6":0,"7":5,"8":10,"9":10,"10":10,"11":6,"12":10,"13":10,"14":10,"15":0,"16":0,"17":0,"18":10,"19":1,"20":9,"21":0,"22":9,"23":0,"24":9},"f":{"0":24,"1":1,"2":0,"3":10,"4":0},"b":{"0":[10],"1":[6,4],"2":[10,0],"3":[0,10],"4":[10,0],"5":[1,9],"6":[0,9],"7":[0,0,0,0,0]},"meta":{"lastBranch":8,"lastFunction":5,"lastStatement":25,"seen":{"s:1:71:1:Infinity":0,"f:1:71:1:Infinity":0,"s:2:13:5:Infinity":1,"f:2:13:2:26":1,"s:3:2:3:Infinity":2,"s:4:2:4:Infinity":3,"s:6:13:9:Infinity":4,"f:6:13:6:33":2,"s:7:2:7:Infinity":5,"s:8:2:8:Infinity":6,"s:11:24:48:Infinity":7,"f:11:24:11:31":3,"b:11:51:11:58":0,"s:12:16:12:Infinity":8,"s:13:18:16:Infinity":9,"b:18:2:20:Infinity:undefined:undefined:undefined:undefined":1,"s:18:2:20:Infinity":10,"s:19:4:19:Infinity":11,"s:22:18:22:Infinity":12,"b:22:18:22:50:22:50:22:Infinity":2,"s:23:19:26:Infinity":13,"b:28:2:34:Infinity:undefined:undefined:undefined:undefined":3,"s:28:2:34:Infinity":14,"b:28:6:28:33:28:33:28:40":4,"s:31:4:31:Infinity":15,"s:32:4:32:Infinity":16,"s:33:4:33:Infinity":17,"b:37:2:39:Infinity:undefined:undefined:undefined:undefined":5,"s:37:2:39:Infinity":18,"s:38:4:38:Infinity":19,"s:41:15:41:Infinity":20,"f:41:37:41:49":4,"s:41:49:41:53":21,"b:43:2:45:Infinity:undefined:undefined:undefined:undefined":6,"s:43:2:45:Infinity":22,"s:44:4:44:Infinity":23,"b:44:21:44:30:44:30:44:45:44:45:44:59:44:59:44:85:44:85:44:105":7,"s:47:2:47:Infinity":24},"fnNames":{}}}
,"/home/blutsenko/projects/kpi/k5s2/ui/lab2/frontend/src/context/AuthContext.jsx": {"path":"/home/blutsenko/projects/kpi/k5s2/ui/lab2/frontend/src/context/AuthContext.jsx","statementMap":{"0":{"start":{"line":4,"column":6},"end":{"line":4,"column":null}},"1":{"start":{"line":6,"column":13},"end":{"line":6,"column":null}},"2":{"start":{"line":8,"column":13},"end":{"line":32,"column":null}},"3":{"start":{"line":9,"column":26},"end":{"line":9,"column":null}},"4":{"start":{"line":11,"column":2},"end":{"line":16,"column":null}},"5":{"start":{"line":12,"column":10},"end":{"line":12,"column":null}},"6":{"start":{"line":13,"column":4},"end":{"line":15,"column":null}},"7":{"start":{"line":14,"column":6},"end":{"line":14,"column":null}},"8":{"start":{"line":18,"column":8},"end":{"line":20,"column":null}},"9":{"start":{"line":19,"column":4},"end":{"line":19,"column":null}},"10":{"start":{"line":22,"column":8},"end":{"line":25,"column":null}},"11":{"start":{"line":23,"column":4},"end":{"line":23,"column":null}},"12":{"start":{"line":24,"column":4},"end":{"line":24,"column":null}},"13":{"start":{"line":27,"column":2},"end":{"line":30,"column":null}}},"fnMap":{"0":{"name":"(anonymous_0)","decl":{"start":{"line":6,"column":13},"end":{"line":6,"column":29}},"loc":{"start":{"line":6,"column":13},"end":{"line":6,"column":null}},"line":6},"1":{"name":"(anonymous_1)","decl":{"start":{"line":8,"column":13},"end":{"line":8,"column":29}},"loc":{"start":{"line":8,"column":46},"end":{"line":32,"column":null}},"line":8},"2":{"name":"(anonymous_2)","decl":{"start":{"line":11,"column":2},"end":{"line":11,"column":18}},"loc":{"start":{"line":11,"column":18},"end":{"line":16,"column":5}},"line":11},"3":{"name":"(anonymous_3)","decl":{"start":{"line":18,"column":8},"end":{"line":18,"column":22}},"loc":{"start":{"line":18,"column":22},"end":{"line":20,"column":null}},"line":18},"4":{"name":"(anonymous_4)","decl":{"start":{"line":22,"column":8},"end":{"line":22,"column":23}},"loc":{"start":{"line":22,"column":23},"end":{"line":25,"column":null}},"line":22}},"branchMap":{"0":{"loc":{"start":{"line":13,"column":4},"end":{"line":15,"column":null}},"type":"if","locations":[{"start":{"line":13,"column":4},"end":{"line":15,"column":null}},{"start":{},"end":{}}],"line":13}},"s":{"0":4,"1":13,"2":4,"3":21,"4":21,"5":14,"6":14,"7":6,"8":21,"9":1,"10":21,"11":0,"12":0,"13":21},"f":{"0":13,"1":21,"2":14,"3":1,"4":0},"b":{"0":[6,8]},"meta":{"lastBranch":1,"lastFunction":5,"lastStatement":14,"seen":{"s:4:6:4:Infinity":0,"s:6:13:6:Infinity":1,"f:6:13:6:29":0,"s:8:13:32:Infinity":2,"f:8:13:8:29":1,"s:9:26:9:Infinity":3,"s:11:2:16:Infinity":4,"f:11:2:11:18":2,"s:12:10:12:Infinity":5,"b:13:4:15:Infinity:undefined:undefined:undefined:undefined":0,"s:13:4:15:Infinity":6,"s:14:6:14:Infinity":7,"s:18:8:20:Infinity":8,"f:18:8:18:22":3,"s:19:4:19:Infinity":9,"s:22:8:25:Infinity":10,"f:22:8:22:23":4,"s:23:4:23:Infinity":11,"s:24:4:24:Infinity":12,"s:27:2:30:Infinity":13},"fnNames":{}}}
,"/home/blutsenko/projects/kpi/k5s2/ui/lab2/frontend/src/hooks/useWebSocket.js": {"path":"/home/blutsenko/projects/kpi/k5s2/ui/lab2/frontend/src/hooks/useWebSocket.js","statementMap":{"0":{"start":{"line":4,"column":24},"end":{"line":4,"column":null}},"1":{"start":{"line":5,"column":10},"end":{"line":5,"column":null}},"2":{"start":{"line":6,"column":10},"end":{"line":6,"column":null}},"3":{"start":{"line":8,"column":4},"end":{"line":10,"column":null}},"4":{"start":{"line":9,"column":8},"end":{"line":9,"column":null}},"5":{"start":{"line":12,"column":10},"end":{"line":48,"column":null}},"6":{"start":{"line":13,"column":22},"end":{"line":13,"column":null}},"7":{"start":{"line":14,"column":8},"end":{"line":14,"column":null}},"8":{"start":{"line":14,"column":20},"end":{"line":14,"column":null}},"9":{"start":{"line":16,"column":22},"end":{"line":16,"column":null}},"10":{"start":{"line":17,"column":19},"end":{"line":17,"column":null}},"11":{"start":{"line":19,"column":8},"end":{"line":22,"column":null}},"12":{"start":{"line":20,"column":12},"end":{"line":20,"column":null}},"13":{"start":{"line":21,"column":12},"end":{"line":21,"column":null}},"14":{"start":{"line":24,"column":8},"end":{"line":29,"column":null}},"15":{"start":{"line":25,"column":25},"end":{"line":25,"column":null}},"16":{"start":{"line":26,"column":12},"end":{"line":28,"column":null}},"17":{"start":{"line":27,"column":16},"end":{"line":27,"column":null}},"18":{"start":{"line":31,"column":8},"end":{"line":38,"column":null}},"19":{"start":{"line":32,"column":12},"end":{"line":32,"column":null}},"20":{"start":{"line":33,"column":12},"end":{"line":37,"column":null}},"21":{"start":{"line":34,"column":16},"end":{"line":34,"column":null}},"22":{"start":{"line":36,"column":16},"end":{"line":36,"column":null}},"23":{"start":{"line":40,"column":8},"end":{"line":45,"column":null}},"24":{"start":{"line":41,"column":12},"end":{"line":41,"column":null}},"25":{"start":{"line":42,"column":12},"end":{"line":44,"column":null}},"26":{"start":{"line":43,"column":16},"end":{"line":43,"column":null}},"27":{"start":{"line":47,"column":8},"end":{"line":47,"column":null}},"28":{"start":{"line":50,"column":4},"end":{"line":59,"column":null}},"29":{"start":{"line":51,"column":8},"end":{"line":51,"column":null}},"30":{"start":{"line":52,"column":8},"end":{"line":58,"column":null}},"31":{"start":{"line":53,"column":12},"end":{"line":57,"column":null}},"32":{"start":{"line":54,"column":27},"end":{"line":54,"column":null}},"33":{"start":{"line":55,"column":16},"end":{"line":55,"column":null}},"34":{"start":{"line":56,"column":16},"end":{"line":56,"column":null}},"35":{"start":{"line":61,"column":10},"end":{"line":65,"column":null}},"36":{"start":{"line":62,"column":8},"end":{"line":64,"column":null}},"37":{"start":{"line":63,"column":12},"end":{"line":63,"column":null}},"38":{"start":{"line":67,"column":4},"end":{"line":67,"column":null}}},"fnMap":{"0":{"name":"useWebSocket","decl":{"start":{"line":3,"column":16},"end":{"line":3,"column":29}},"loc":{"start":{"line":3,"column":45},"end":{"line":68,"column":null}},"line":3},"1":{"name":"(anonymous_1)","decl":{"start":{"line":8,"column":4},"end":{"line":8,"column":20}},"loc":{"start":{"line":8,"column":20},"end":{"line":10,"column":7}},"line":8},"2":{"name":"(anonymous_2)","decl":{"start":{"line":12,"column":20},"end":{"line":12,"column":38}},"loc":{"start":{"line":12,"column":38},"end":{"line":48,"column":7}},"line":12},"3":{"name":"(anonymous_3)","decl":{"start":{"line":19,"column":11},"end":{"line":19,"column":26}},"loc":{"start":{"line":19,"column":26},"end":{"line":22,"column":null}},"line":19},"4":{"name":"(anonymous_4)","decl":{"start":{"line":24,"column":11},"end":{"line":24,"column":24}},"loc":{"start":{"line":24,"column":34},"end":{"line":29,"column":null}},"line":24},"5":{"name":"(anonymous_5)","decl":{"start":{"line":31,"column":11},"end":{"line":31,"column":27}},"loc":{"start":{"line":31,"column":27},"end":{"line":38,"column":null}},"line":31},"6":{"name":"(anonymous_6)","decl":{"start":{"line":40,"column":11},"end":{"line":40,"column":22}},"loc":{"start":{"line":40,"column":32},"end":{"line":45,"column":null}},"line":40},"7":{"name":"(anonymous_7)","decl":{"start":{"line":50,"column":4},"end":{"line":50,"column":20}},"loc":{"start":{"line":50,"column":20},"end":{"line":59,"column":7}},"line":50},"8":{"name":"(anonymous_8)","decl":{"start":{"line":52,"column":8},"end":{"line":52,"column":21}},"loc":{"start":{"line":52,"column":21},"end":{"line":58,"column":null}},"line":52},"9":{"name":"(anonymous_9)","decl":{"start":{"line":61,"column":24},"end":{"line":61,"column":37}},"loc":{"start":{"line":61,"column":49},"end":{"line":65,"column":7}},"line":61}},"branchMap":{"0":{"loc":{"start":{"line":14,"column":8},"end":{"line":14,"column":null}},"type":"if","locations":[{"start":{"line":14,"column":8},"end":{"line":14,"column":null}},{"start":{},"end":{}}],"line":14},"1":{"loc":{"start":{"line":26,"column":12},"end":{"line":28,"column":null}},"type":"if","locations":[{"start":{"line":26,"column":12},"end":{"line":28,"column":null}},{"start":{},"end":{}}],"line":26},"2":{"loc":{"start":{"line":33,"column":12},"end":{"line":37,"column":null}},"type":"if","locations":[{"start":{"line":33,"column":12},"end":{"line":37,"column":null}},{"start":{},"end":{}}],"line":33},"3":{"loc":{"start":{"line":42,"column":12},"end":{"line":44,"column":null}},"type":"if","locations":[{"start":{"line":42,"column":12},"end":{"line":44,"column":null}},{"start":{},"end":{}}],"line":42},"4":{"loc":{"start":{"line":53,"column":12},"end":{"line":57,"column":null}},"type":"if","locations":[{"start":{"line":53,"column":12},"end":{"line":57,"column":null}},{"start":{},"end":{}}],"line":53},"5":{"loc":{"start":{"line":62,"column":8},"end":{"line":64,"column":null}},"type":"if","locations":[{"start":{"line":62,"column":8},"end":{"line":64,"column":null}},{"start":{},"end":{}}],"line":62},"6":{"loc":{"start":{"line":62,"column":12},"end":{"line":62,"column":42}},"type":"binary-expr","locations":[{"start":{"line":62,"column":12},"end":{"line":62,"column":29}},{"start":{"line":62,"column":29},"end":{"line":62,"column":42}}],"line":62}},"s":{"0":40,"1":40,"2":40,"3":40,"4":40,"5":40,"6":3,"7":3,"8":0,"9":3,"10":3,"11":3,"12":3,"13":3,"14":3,"15":0,"16":0,"17":0,"18":3,"19":0,"20":0,"21":0,"22":0,"23":3,"24":0,"25":0,"26":0,"27":3,"28":40,"29":3,"30":3,"31":3,"32":3,"33":3,"34":3,"35":40,"36":0,"37":0,"38":40},"f":{"0":40,"1":40,"2":3,"3":3,"4":0,"5":0,"6":0,"7":3,"8":3,"9":0},"b":{"0":[0,3],"1":[0,0],"2":[0,0],"3":[0,0],"4":[3,0],"5":[0,0],"6":[0,0]},"meta":{"lastBranch":7,"lastFunction":10,"lastStatement":39,"seen":{"f:3:16:3:29":0,"s:4:24:4:Infinity":0,"s:5:10:5:Infinity":1,"s:6:10:6:Infinity":2,"s:8:4:10:Infinity":3,"f:8:4:8:20":1,"s:9:8:9:Infinity":4,"s:12:10:48:Infinity":5,"f:12:20:12:38":2,"s:13:22:13:Infinity":6,"b:14:8:14:Infinity:undefined:undefined:undefined:undefined":0,"s:14:8:14:Infinity":7,"s:14:20:14:Infinity":8,"s:16:22:16:Infinity":9,"s:17:19:17:Infinity":10,"s:19:8:22:Infinity":11,"f:19:11:19:26":3,"s:20:12:20:Infinity":12,"s:21:12:21:Infinity":13,"s:24:8:29:Infinity":14,"f:24:11:24:24":4,"s:25:25:25:Infinity":15,"b:26:12:28:Infinity:undefined:undefined:undefined:undefined":1,"s:26:12:28:Infinity":16,"s:27:16:27:Infinity":17,"s:31:8:38:Infinity":18,"f:31:11:31:27":5,"s:32:12:32:Infinity":19,"b:33:12:37:Infinity:undefined:undefined:undefined:undefined":2,"s:33:12:37:Infinity":20,"s:34:16:34:Infinity":21,"s:36:16:36:Infinity":22,"s:40:8:45:Infinity":23,"f:40:11:40:22":6,"s:41:12:41:Infinity":24,"b:42:12:44:Infinity:undefined:undefined:undefined:undefined":3,"s:42:12:44:Infinity":25,"s:43:16:43:Infinity":26,"s:47:8:47:Infinity":27,"s:50:4:59:Infinity":28,"f:50:4:50:20":7,"s:51:8:51:Infinity":29,"s:52:8:58:Infinity":30,"f:52:8:52:21":8,"b:53:12:57:Infinity:undefined:undefined:undefined:undefined":4,"s:53:12:57:Infinity":31,"s:54:27:54:Infinity":32,"s:55:16:55:Infinity":33,"s:56:16:56:Infinity":34,"s:61:10:65:Infinity":35,"f:61:24:61:37":9,"b:62:8:64:Infinity:undefined:undefined:undefined:undefined":5,"s:62:8:64:Infinity":36,"b:62:12:62:29:62:29:62:42":6,"s:63:12:63:Infinity":37,"s:67:4:67:Infinity":38},"fnNames":{}}}
,"/home/blutsenko/projects/kpi/k5s2/ui/lab2/frontend/src/pages/About.jsx": {"path":"/home/blutsenko/projects/kpi/k5s2/ui/lab2/frontend/src/pages/About.jsx","statementMap":{"0":{"start":{"line":7,"column":20},"end":{"line":7,"column":null}},"1":{"start":{"line":8,"column":18},"end":{"line":8,"column":null}},"2":{"start":{"line":10,"column":2},"end":{"line":22,"column":null}},"3":{"start":{"line":11,"column":23},"end":{"line":20,"column":null}},"4":{"start":{"line":12,"column":6},"end":{"line":19,"column":null}},"5":{"start":{"line":13,"column":21},"end":{"line":13,"column":null}},"6":{"start":{"line":14,"column":8},"end":{"line":14,"column":null}},"7":{"start":{"line":16,"column":8},"end":{"line":16,"column":null}},"8":{"start":{"line":18,"column":8},"end":{"line":18,"column":null}},"9":{"start":{"line":21,"column":4},"end":{"line":21,"column":null}},"10":{"start":{"line":24,"column":2},"end":{"line":30,"column":null}},"11":{"start":{"line":25,"column":4},"end":{"line":28,"column":null}},"12":{"start":{"line":32,"column":18},"end":{"line":32,"column":null}},"13":{"start":{"line":33,"column":22},"end":{"line":33,"column":null}},"14":{"start":{"line":35,"column":2},"end":{"line":95,"column":null}},"15":{"start":{"line":68,"column":22},"end":{"line":68,"column":null}},"16":{"start":{"line":69,"column":22},"end":{"line":69,"column":null}}},"fnMap":{"0":{"name":"About","decl":{"start":{"line":6,"column":9},"end":{"line":6,"column":17}},"loc":{"start":{"line":6,"column":17},"end":{"line":97,"column":null}},"line":6},"1":{"name":"(anonymous_1)","decl":{"start":{"line":10,"column":2},"end":{"line":10,"column":18}},"loc":{"start":{"line":10,"column":18},"end":{"line":22,"column":5}},"line":10},"2":{"name":"(anonymous_2)","decl":{"start":{"line":11,"column":23},"end":{"line":11,"column":35}},"loc":{"start":{"line":11,"column":35},"end":{"line":20,"column":null}},"line":11},"3":{"name":"(anonymous_3)","decl":{"start":{"line":67,"column":20},"end":{"line":67,"column":30}},"loc":{"start":{"line":67,"column":36},"end":{"line":70,"column":null}},"line":67}},"branchMap":{"0":{"loc":{"start":{"line":24,"column":2},"end":{"line":30,"column":null}},"type":"if","locations":[{"start":{"line":24,"column":2},"end":{"line":30,"column":null}},{"start":{},"end":{}}],"line":24},"1":{"loc":{"start":{"line":32,"column":18},"end":{"line":32,"column":null}},"type":"binary-expr","locations":[{"start":{"line":32,"column":18},"end":{"line":32,"column":41}},{"start":{"line":32,"column":41},"end":{"line":32,"column":null}}],"line":32},"2":{"loc":{"start":{"line":33,"column":22},"end":{"line":33,"column":null}},"type":"binary-expr","locations":[{"start":{"line":33,"column":22},"end":{"line":33,"column":48}},{"start":{"line":33,"column":48},"end":{"line":33,"column":null}}],"line":33},"3":{"loc":{"start":{"line":47,"column":27},"end":{"line":47,"column":null}},"type":"cond-expr","locations":[{"start":{"line":47,"column":49},"end":{"line":47,"column":65}},{"start":{"line":47,"column":65},"end":{"line":47,"column":null}}],"line":47},"4":{"loc":{"start":{"line":54,"column":29},"end":{"line":54,"column":null}},"type":"cond-expr","locations":[{"start":{"line":54,"column":51},"end":{"line":54,"column":60}},{"start":{"line":54,"column":60},"end":{"line":54,"column":null}}],"line":54},"5":{"loc":{"start":{"line":62,"column":17},"end":{"line":73,"column":null}},"type":"cond-expr","locations":[{"start":{"line":63,"column":18},"end":{"line":73,"column":19}},{"start":{"line":73,"column":18},"end":{"line":73,"column":null}}],"line":62}},"s":{"0":3,"1":3,"2":3,"3":2,"4":2,"5":2,"6":2,"7":0,"8":2,"9":2,"10":3,"11":2,"12":1,"13":3,"14":3,"15":0,"16":0},"f":{"0":3,"1":2,"2":2,"3":0},"b":{"0":[2,1],"1":[1,0],"2":[3,0],"3":[1,0],"4":[1,0],"5":[1,0]},"meta":{"lastBranch":6,"lastFunction":4,"lastStatement":17,"seen":{"f:6:9:6:17":0,"s:7:20:7:Infinity":0,"s:8:18:8:Infinity":1,"s:10:2:22:Infinity":2,"f:10:2:10:18":1,"s:11:23:20:Infinity":3,"f:11:23:11:35":2,"s:12:6:19:Infinity":4,"s:13:21:13:Infinity":5,"s:14:8:14:Infinity":6,"s:16:8:16:Infinity":7,"s:18:8:18:Infinity":8,"s:21:4:21:Infinity":9,"b:24:2:30:Infinity:undefined:undefined:undefined:undefined":0,"s:24:2:30:Infinity":10,"s:25:4:28:Infinity":11,"s:32:18:32:Infinity":12,"b:32:18:32:41:32:41:32:Infinity":1,"s:33:22:33:Infinity":13,"b:33:22:33:48:33:48:33:Infinity":2,"s:35:2:95:Infinity":14,"b:47:49:47:65:47:65:47:Infinity":3,"b:54:51:54:60:54:60:54:Infinity":4,"b:63:18:73:19:73:18:73:Infinity":5,"f:67:20:67:30":3,"s:68:22:68:Infinity":15,"s:69:22:69:Infinity":16},"fnNames":{}}}
,"/home/blutsenko/projects/kpi/k5s2/ui/lab2/frontend/src/pages/Dashboard.jsx": {"path":"/home/blutsenko/projects/kpi/k5s2/ui/lab2/frontend/src/pages/Dashboard.jsx","statementMap":{"0":{"start":{"line":22,"column":16},"end":{"line":22,"column":null}},"1":{"start":{"line":23,"column":18},"end":{"line":23,"column":null}},"2":{"start":{"line":24,"column":18},"end":{"line":24,"column":null}},"3":{"start":{"line":26,"column":21},"end":{"line":35,"column":null}},"4":{"start":{"line":27,"column":4},"end":{"line":34,"column":null}},"5":{"start":{"line":28,"column":19},"end":{"line":28,"column":null}},"6":{"start":{"line":29,"column":6},"end":{"line":29,"column":null}},"7":{"start":{"line":31,"column":6},"end":{"line":31,"column":null}},"8":{"start":{"line":33,"column":6},"end":{"line":33,"column":null}},"9":{"start":{"line":37,"column":2},"end":{"line":39,"column":null}},"10":{"start":{"line":38,"column":4},"end":{"line":38,"column":null}},"11":{"start":{"line":41,"column":24},"end":{"line":55,"column":null}},"12":{"start":{"line":42,"column":4},"end":{"line":42,"column":null}},"13":{"start":{"line":43,"column":4},"end":{"line":43,"column":null}},"14":{"start":{"line":43,"column":25},"end":{"line":43,"column":null}},"15":{"start":{"line":45,"column":4},"end":{"line":54,"column":null}},"16":{"start":{"line":46,"column":24},"end":{"line":49,"column":null}},"17":{"start":{"line":50,"column":6},"end":{"line":50,"column":null}},"18":{"start":{"line":51,"column":6},"end":{"line":51,"column":null}},"19":{"start":{"line":53,"column":6},"end":{"line":53,"column":null}},"20":{"start":{"line":57,"column":27},"end":{"line":69,"column":null}},"21":{"start":{"line":58,"column":4},"end":{"line":68,"column":null}},"22":{"start":{"line":59,"column":26},"end":{"line":62,"column":null}},"23":{"start":{"line":63,"column":6},"end":{"line":65,"column":null}},"24":{"start":{"line":64,"column":8},"end":{"line":64,"column":null}},"25":{"start":{"line":67,"column":6},"end":{"line":67,"column":null}},"26":{"start":{"line":71,"column":27},"end":{"line":78,"column":null}},"27":{"start":{"line":72,"column":4},"end":{"line":77,"column":null}},"28":{"start":{"line":73,"column":6},"end":{"line":73,"column":null}},"29":{"start":{"line":74,"column":6},"end":{"line":74,"column":null}},"30":{"start":{"line":74,"column":36},"end":{"line":74,"column":50}},"31":{"start":{"line":76,"column":6},"end":{"line":76,"column":null}},"32":{"start":{"line":80,"column":25},"end":{"line":80,"column":null}},"33":{"start":{"line":80,"column":43},"end":{"line":80,"column":57}},"34":{"start":{"line":82,"column":2},"end":{"line":88,"column":null}},"35":{"start":{"line":83,"column":4},"end":{"line":86,"column":null}},"36":{"start":{"line":90,"column":2},"end":{"line":182,"column":null}},"37":{"start":{"line":111,"column":31},"end":{"line":111,"column":null}},"38":{"start":{"line":136,"column":14},"end":{"line":177,"column":null}},"39":{"start":{"line":148,"column":78},"end":{"line":148,"column":105}},"40":{"start":{"line":157,"column":38},"end":{"line":157,"column":null}}},"fnMap":{"0":{"name":"Dashboard","decl":{"start":{"line":21,"column":9},"end":{"line":21,"column":21}},"loc":{"start":{"line":21,"column":21},"end":{"line":184,"column":null}},"line":21},"1":{"name":"(anonymous_1)","decl":{"start":{"line":26,"column":21},"end":{"line":26,"column":33}},"loc":{"start":{"line":26,"column":33},"end":{"line":35,"column":null}},"line":26},"2":{"name":"(anonymous_2)","decl":{"start":{"line":37,"column":2},"end":{"line":37,"column":18}},"loc":{"start":{"line":37,"column":18},"end":{"line":39,"column":5}},"line":37},"3":{"name":"(anonymous_3)","decl":{"start":{"line":41,"column":24},"end":{"line":41,"column":31}},"loc":{"start":{"line":41,"column":37},"end":{"line":55,"column":null}},"line":41},"4":{"name":"(anonymous_4)","decl":{"start":{"line":57,"column":27},"end":{"line":57,"column":34}},"loc":{"start":{"line":57,"column":56},"end":{"line":69,"column":null}},"line":57},"5":{"name":"(anonymous_5)","decl":{"start":{"line":63,"column":21},"end":{"line":63,"column":25}},"loc":{"start":{"line":64,"column":8},"end":{"line":64,"column":null}},"line":64},"6":{"name":"(anonymous_6)","decl":{"start":{"line":71,"column":27},"end":{"line":71,"column":34}},"loc":{"start":{"line":71,"column":41},"end":{"line":78,"column":null}},"line":71},"7":{"name":"(anonymous_7)","decl":{"start":{"line":74,"column":21},"end":{"line":74,"column":28}},"loc":{"start":{"line":74,"column":36},"end":{"line":74,"column":50}},"line":74},"8":{"name":"(anonymous_8)","decl":{"start":{"line":80,"column":31},"end":{"line":80,"column":38}},"loc":{"start":{"line":80,"column":43},"end":{"line":80,"column":57}},"line":80},"9":{"name":"(anonymous_9)","decl":{"start":{"line":111,"column":14},"end":{"line":111,"column":25}},"loc":{"start":{"line":111,"column":31},"end":{"line":111,"column":null}},"line":111},"10":{"name":"(anonymous_10)","decl":{"start":{"line":135,"column":18},"end":{"line":135,"column":23}},"loc":{"start":{"line":136,"column":14},"end":{"line":177,"column":null}},"line":136},"11":{"name":"(anonymous_11)","decl":{"start":{"line":148,"column":63},"end":{"line":148,"column":78}},"loc":{"start":{"line":148,"column":78},"end":{"line":148,"column":105}},"line":148},"12":{"name":"(anonymous_12)","decl":{"start":{"line":157,"column":22},"end":{"line":157,"column":38}},"loc":{"start":{"line":157,"column":38},"end":{"line":157,"column":null}},"line":157}},"branchMap":{"0":{"loc":{"start":{"line":43,"column":4},"end":{"line":43,"column":null}},"type":"if","locations":[{"start":{"line":43,"column":4},"end":{"line":43,"column":null}},{"start":{},"end":{}}],"line":43},"1":{"loc":{"start":{"line":64,"column":8},"end":{"line":64,"column":null}},"type":"cond-expr","locations":[{"start":{"line":64,"column":25},"end":{"line":64,"column":39}},{"start":{"line":64,"column":39},"end":{"line":64,"column":null}}],"line":64},"2":{"loc":{"start":{"line":82,"column":2},"end":{"line":88,"column":null}},"type":"if","locations":[{"start":{"line":82,"column":2},"end":{"line":88,"column":null}},{"start":{},"end":{}}],"line":82},"3":{"loc":{"start":{"line":130,"column":11},"end":{"line":178,"column":null}},"type":"cond-expr","locations":[{"start":{"line":131,"column":12},"end":{"line":135,"column":18}},{"start":{"line":135,"column":12},"end":{"line":178,"column":null}}],"line":130},"4":{"loc":{"start":{"line":141,"column":34},"end":{"line":141,"column":null}},"type":"cond-expr","locations":[{"start":{"line":141,"column":61},"end":{"line":141,"column":98}},{"start":{"line":141,"column":98},"end":{"line":141,"column":null}}],"line":141},"5":{"loc":{"start":{"line":166,"column":42},"end":{"line":166,"column":null}},"type":"cond-expr","locations":[{"start":{"line":166,"column":62},"end":{"line":166,"column":79}},{"start":{"line":166,"column":79},"end":{"line":166,"column":null}}],"line":166},"6":{"loc":{"start":{"line":167,"column":33},"end":{"line":167,"column":null}},"type":"cond-expr","locations":[{"start":{"line":167,"column":53},"end":{"line":167,"column":72}},{"start":{"line":167,"column":72},"end":{"line":167,"column":null}}],"line":167},"7":{"loc":{"start":{"line":168,"column":38},"end":{"line":168,"column":null}},"type":"cond-expr","locations":[{"start":{"line":168,"column":58},"end":{"line":168,"column":69}},{"start":{"line":168,"column":69},"end":{"line":168,"column":null}}],"line":168}},"s":{"0":33,"1":33,"2":33,"3":33,"4":3,"5":3,"6":3,"7":0,"8":3,"9":33,"10":3,"11":33,"12":1,"13":1,"14":0,"15":1,"16":1,"17":1,"18":1,"19":0,"20":33,"21":1,"22":1,"23":1,"24":1,"25":0,"26":33,"27":1,"28":1,"29":1,"30":1,"31":0,"32":33,"33":2,"34":33,"35":3,"36":30,"37":25,"38":2,"39":1,"40":1},"f":{"0":33,"1":3,"2":3,"3":1,"4":1,"5":1,"6":1,"7":1,"8":2,"9":25,"10":2,"11":1,"12":1},"b":{"0":[0,1],"1":[1,0],"2":[3,30],"3":[28,2],"4":[0,2],"5":[1,1],"6":[1,1],"7":[1,1]},"meta":{"lastBranch":8,"lastFunction":13,"lastStatement":41,"seen":{"f:21:9:21:21":0,"s:22:16:22:Infinity":0,"s:23:18:23:Infinity":1,"s:24:18:24:Infinity":2,"s:26:21:35:Infinity":3,"f:26:21:26:33":1,"s:27:4:34:Infinity":4,"s:28:19:28:Infinity":5,"s:29:6:29:Infinity":6,"s:31:6:31:Infinity":7,"s:33:6:33:Infinity":8,"s:37:2:39:Infinity":9,"f:37:2:37:18":2,"s:38:4:38:Infinity":10,"s:41:24:55:Infinity":11,"f:41:24:41:31":3,"s:42:4:42:Infinity":12,"b:43:4:43:Infinity:undefined:undefined:undefined:undefined":0,"s:43:4:43:Infinity":13,"s:43:25:43:Infinity":14,"s:45:4:54:Infinity":15,"s:46:24:49:Infinity":16,"s:50:6:50:Infinity":17,"s:51:6:51:Infinity":18,"s:53:6:53:Infinity":19,"s:57:27:69:Infinity":20,"f:57:27:57:34":4,"s:58:4:68:Infinity":21,"s:59:26:62:Infinity":22,"s:63:6:65:Infinity":23,"f:63:21:63:25":5,"s:64:8:64:Infinity":24,"b:64:25:64:39:64:39:64:Infinity":1,"s:67:6:67:Infinity":25,"s:71:27:78:Infinity":26,"f:71:27:71:34":6,"s:72:4:77:Infinity":27,"s:73:6:73:Infinity":28,"s:74:6:74:Infinity":29,"f:74:21:74:28":7,"s:74:36:74:50":30,"s:76:6:76:Infinity":31,"s:80:25:80:Infinity":32,"f:80:31:80:38":8,"s:80:43:80:57":33,"b:82:2:88:Infinity:undefined:undefined:undefined:undefined":2,"s:82:2:88:Infinity":34,"s:83:4:86:Infinity":35,"s:90:2:182:Infinity":36,"f:111:14:111:25":9,"s:111:31:111:Infinity":37,"b:131:12:135:18:135:12:178:Infinity":3,"f:135:18:135:23":10,"s:136:14:177:Infinity":38,"b:141:61:141:98:141:98:141:Infinity":4,"f:148:63:148:78":11,"s:148:78:148:105":39,"f:157:22:157:38":12,"s:157:38:157:Infinity":40,"b:166:62:166:79:166:79:166:Infinity":5,"b:167:53:167:72:167:72:167:Infinity":6,"b:168:58:168:69:168:69:168:Infinity":7},"fnNames":{}}}
,"/home/blutsenko/projects/kpi/k5s2/ui/lab2/frontend/src/pages/Login.jsx": {"path":"/home/blutsenko/projects/kpi/k5s2/ui/lab2/frontend/src/pages/Login.jsx","statementMap":{"0":{"start":{"line":22,"column":15},"end":{"line":25,"column":null}},"1":{"start":{"line":28,"column":8},"end":{"line":28,"column":null}},"2":{"start":{"line":29,"column":10},"end":{"line":29,"column":null}},"3":{"start":{"line":31,"column":47},"end":{"line":33,"column":null}},"4":{"start":{"line":35,"column":19},"end":{"line":47,"column":null}},"5":{"start":{"line":36,"column":4},"end":{"line":46,"column":null}},"6":{"start":{"line":37,"column":23},"end":{"line":40,"column":null}},"7":{"start":{"line":41,"column":6},"end":{"line":41,"column":null}},"8":{"start":{"line":42,"column":6},"end":{"line":42,"column":null}},"9":{"start":{"line":43,"column":6},"end":{"line":43,"column":null}},"10":{"start":{"line":45,"column":6},"end":{"line":45,"column":null}},"11":{"start":{"line":49,"column":2},"end":{"line":109,"column":null}}},"fnMap":{"0":{"name":"Login","decl":{"start":{"line":27,"column":9},"end":{"line":27,"column":17}},"loc":{"start":{"line":27,"column":17},"end":{"line":111,"column":null}},"line":27},"1":{"name":"(anonymous_1)","decl":{"start":{"line":35,"column":19},"end":{"line":35,"column":26}},"loc":{"start":{"line":35,"column":35},"end":{"line":47,"column":null}},"line":35}},"branchMap":{},"s":{"0":1,"1":13,"2":13,"3":13,"4":13,"5":1,"6":1,"7":1,"8":1,"9":1,"10":0,"11":13},"f":{"0":13,"1":1},"b":{},"meta":{"lastBranch":0,"lastFunction":2,"lastStatement":12,"seen":{"s:22:15:25:Infinity":0,"f:27:9:27:17":0,"s:28:8:28:Infinity":1,"s:29:10:29:Infinity":2,"s:31:47:33:Infinity":3,"s:35:19:47:Infinity":4,"f:35:19:35:26":1,"s:36:4:46:Infinity":5,"s:37:23:40:Infinity":6,"s:41:6:41:Infinity":7,"s:42:6:42:Infinity":8,"s:43:6:43:Infinity":9,"s:45:6:45:Infinity":10,"s:49:2:109:Infinity":11},"fnNames":{}}}
,"/home/blutsenko/projects/kpi/k5s2/ui/lab2/frontend/src/pages/Register.jsx": {"path":"/home/blutsenko/projects/kpi/k5s2/ui/lab2/frontend/src/pages/Register.jsx","statementMap":{"0":{"start":{"line":20,"column":15},"end":{"line":26,"column":null}},"1":{"start":{"line":29,"column":8},"end":{"line":29,"column":null}},"2":{"start":{"line":30,"column":46},"end":{"line":32,"column":null}},"3":{"start":{"line":34,"column":19},"end":{"line":52,"column":null}},"4":{"start":{"line":35,"column":22},"end":{"line":35,"column":null}},"5":{"start":{"line":36,"column":4},"end":{"line":51,"column":null}},"6":{"start":{"line":37,"column":6},"end":{"line":46,"column":null}},"7":{"start":{"line":47,"column":6},"end":{"line":47,"column":null}},"8":{"start":{"line":48,"column":6},"end":{"line":48,"column":null}},"9":{"start":{"line":50,"column":6},"end":{"line":50,"column":null}},"10":{"start":{"line":54,"column":2},"end":{"line":175,"column":null}},"11":{"start":{"line":77,"column":18},"end":{"line":84,"column":null}},"12":{"start":{"line":93,"column":18},"end":{"line":101,"column":null}},"13":{"start":{"line":111,"column":20},"end":{"line":122,"column":null}},"14":{"start":{"line":131,"column":20},"end":{"line":139,"column":null}},"15":{"start":{"line":149,"column":18},"end":{"line":157,"column":null}}},"fnMap":{"0":{"name":"Register","decl":{"start":{"line":28,"column":9},"end":{"line":28,"column":20}},"loc":{"start":{"line":28,"column":20},"end":{"line":177,"column":null}},"line":28},"1":{"name":"(anonymous_1)","decl":{"start":{"line":34,"column":19},"end":{"line":34,"column":26}},"loc":{"start":{"line":34,"column":35},"end":{"line":52,"column":null}},"line":34},"2":{"name":"(anonymous_2)","decl":{"start":{"line":76,"column":16},"end":{"line":76,"column":25}},"loc":{"start":{"line":77,"column":18},"end":{"line":84,"column":null}},"line":77},"3":{"name":"(anonymous_3)","decl":{"start":{"line":92,"column":16},"end":{"line":92,"column":25}},"loc":{"start":{"line":93,"column":18},"end":{"line":101,"column":null}},"line":93},"4":{"name":"(anonymous_4)","decl":{"start":{"line":110,"column":18},"end":{"line":110,"column":27}},"loc":{"start":{"line":111,"column":20},"end":{"line":122,"column":null}},"line":111},"5":{"name":"(anonymous_5)","decl":{"start":{"line":130,"column":18},"end":{"line":130,"column":27}},"loc":{"start":{"line":131,"column":20},"end":{"line":139,"column":null}},"line":131},"6":{"name":"(anonymous_6)","decl":{"start":{"line":148,"column":16},"end":{"line":148,"column":25}},"loc":{"start":{"line":149,"column":18},"end":{"line":157,"column":null}},"line":149}},"branchMap":{"0":{"loc":{"start":{"line":43,"column":18},"end":{"line":43,"column":null}},"type":"binary-expr","locations":[{"start":{"line":43,"column":18},"end":{"line":43,"column":44}},{"start":{"line":43,"column":44},"end":{"line":43,"column":null}}],"line":43}},"s":{"0":1,"1":12,"2":12,"3":12,"4":1,"5":1,"6":1,"7":1,"8":1,"9":0,"10":12,"11":23,"12":50,"13":12,"14":12,"15":26},"f":{"0":12,"1":1,"2":23,"3":50,"4":12,"5":12,"6":26},"b":{"0":[1,0]},"meta":{"lastBranch":1,"lastFunction":7,"lastStatement":16,"seen":{"s:20:15:26:Infinity":0,"f:28:9:28:20":0,"s:29:8:29:Infinity":1,"s:30:46:32:Infinity":2,"s:34:19:52:Infinity":3,"f:34:19:34:26":1,"s:35:22:35:Infinity":4,"s:36:4:51:Infinity":5,"s:37:6:46:Infinity":6,"b:43:18:43:44:43:44:43:Infinity":0,"s:47:6:47:Infinity":7,"s:48:6:48:Infinity":8,"s:50:6:50:Infinity":9,"s:54:2:175:Infinity":10,"f:76:16:76:25":2,"s:77:18:84:Infinity":11,"f:92:16:92:25":3,"s:93:18:101:Infinity":12,"f:110:18:110:27":4,"s:111:20:122:Infinity":13,"f:130:18:130:27":5,"s:131:20:139:Infinity":14,"f:148:16:148:25":6,"s:149:18:157:Infinity":15},"fnNames":{}}}
,"/home/blutsenko/projects/kpi/k5s2/ui/lab2/frontend/src/pages/SharedTasks.jsx": {"path":"/home/blutsenko/projects/kpi/k5s2/ui/lab2/frontend/src/pages/SharedTasks.jsx","statementMap":{"0":{"start":{"line":6,"column":18},"end":{"line":6,"column":null}},"1":{"start":{"line":7,"column":20},"end":{"line":7,"column":null}},"2":{"start":{"line":8,"column":25},"end":{"line":8,"column":null}},"3":{"start":{"line":10,"column":18},"end":{"line":12,"column":null}},"4":{"start":{"line":14,"column":12},"end":{"line":27,"column":null}},"5":{"start":{"line":15,"column":8},"end":{"line":26,"column":null}},"6":{"start":{"line":16,"column":12},"end":{"line":25,"column":null}},"7":{"start":{"line":17,"column":16},"end":{"line":20,"column":null}},"8":{"start":{"line":18,"column":20},"end":{"line":18,"column":null}},"9":{"start":{"line":18,"column":39},"end":{"line":18,"column":60}},"10":{"start":{"line":18,"column":63},"end":{"line":18,"column":null}},"11":{"start":{"line":19,"column":20},"end":{"line":19,"column":null}},"12":{"start":{"line":21,"column":19},"end":{"line":25,"column":null}},"13":{"start":{"line":22,"column":16},"end":{"line":22,"column":null}},"14":{"start":{"line":22,"column":33},"end":{"line":22,"column":85}},"15":{"start":{"line":22,"column":47},"end":{"line":22,"column":84}},"16":{"start":{"line":23,"column":19},"end":{"line":25,"column":null}},"17":{"start":{"line":24,"column":16},"end":{"line":24,"column":null}},"18":{"start":{"line":24,"column":33},"end":{"line":24,"column":72}},"19":{"start":{"line":24,"column":50},"end":{"line":24,"column":71}},"20":{"start":{"line":29,"column":4},"end":{"line":42,"column":null}},"21":{"start":{"line":30,"column":27},"end":{"line":40,"column":null}},"22":{"start":{"line":31,"column":26},"end":{"line":31,"column":null}},"23":{"start":{"line":32,"column":24},"end":{"line":34,"column":null}},"24":{"start":{"line":35,"column":12},"end":{"line":38,"column":null}},"25":{"start":{"line":36,"column":29},"end":{"line":36,"column":null}},"26":{"start":{"line":37,"column":16},"end":{"line":37,"column":null}},"27":{"start":{"line":39,"column":12},"end":{"line":39,"column":null}},"28":{"start":{"line":41,"column":8},"end":{"line":41,"column":null}},"29":{"start":{"line":44,"column":25},"end":{"line":61,"column":null}},"30":{"start":{"line":45,"column":8},"end":{"line":45,"column":null}},"31":{"start":{"line":46,"column":8},"end":{"line":46,"column":null}},"32":{"start":{"line":46,"column":34},"end":{"line":46,"column":null}},"33":{"start":{"line":48,"column":22},"end":{"line":48,"column":null}},"34":{"start":{"line":49,"column":20},"end":{"line":56,"column":null}},"35":{"start":{"line":58,"column":8},"end":{"line":60,"column":null}},"36":{"start":{"line":59,"column":12},"end":{"line":59,"column":null}},"37":{"start":{"line":63,"column":4},"end":{"line":63,"column":null}},"38":{"start":{"line":63,"column":17},"end":{"line":63,"column":null}},"39":{"start":{"line":65,"column":4},"end":{"line":98,"column":null}},"40":{"start":{"line":80,"column":37},"end":{"line":80,"column":null}},"41":{"start":{"line":87,"column":20},"end":{"line":92,"column":null}}},"fnMap":{"0":{"name":"SharedTasks","decl":{"start":{"line":5,"column":9},"end":{"line":5,"column":23}},"loc":{"start":{"line":5,"column":23},"end":{"line":100,"column":null}},"line":5},"1":{"name":"(anonymous_1)","decl":{"start":{"line":14,"column":41},"end":{"line":14,"column":49}},"loc":{"start":{"line":14,"column":58},"end":{"line":27,"column":5}},"line":14},"2":{"name":"(anonymous_2)","decl":{"start":{"line":17,"column":16},"end":{"line":17,"column":25}},"loc":{"start":{"line":17,"column":33},"end":{"line":20,"column":17}},"line":17},"3":{"name":"(anonymous_3)","decl":{"start":{"line":18,"column":29},"end":{"line":18,"column":34}},"loc":{"start":{"line":18,"column":39},"end":{"line":18,"column":60}},"line":18},"4":{"name":"(anonymous_4)","decl":{"start":{"line":22,"column":16},"end":{"line":22,"column":25}},"loc":{"start":{"line":22,"column":33},"end":{"line":22,"column":85}},"line":22},"5":{"name":"(anonymous_5)","decl":{"start":{"line":22,"column":38},"end":{"line":22,"column":42}},"loc":{"start":{"line":22,"column":47},"end":{"line":22,"column":84}},"line":22},"6":{"name":"(anonymous_6)","decl":{"start":{"line":24,"column":16},"end":{"line":24,"column":25}},"loc":{"start":{"line":24,"column":33},"end":{"line":24,"column":72}},"line":24},"7":{"name":"(anonymous_7)","decl":{"start":{"line":24,"column":38},"end":{"line":24,"column":45}},"loc":{"start":{"line":24,"column":50},"end":{"line":24,"column":71}},"line":24},"8":{"name":"(anonymous_8)","decl":{"start":{"line":29,"column":4},"end":{"line":29,"column":20}},"loc":{"start":{"line":29,"column":20},"end":{"line":42,"column":7}},"line":29},"9":{"name":"(anonymous_9)","decl":{"start":{"line":30,"column":27},"end":{"line":30,"column":39}},"loc":{"start":{"line":30,"column":39},"end":{"line":40,"column":null}},"line":30},"10":{"name":"(anonymous_10)","decl":{"start":{"line":44,"column":25},"end":{"line":44,"column":32}},"loc":{"start":{"line":44,"column":38},"end":{"line":61,"column":null}},"line":44},"11":{"name":"(anonymous_11)","decl":{"start":{"line":80,"column":20},"end":{"line":80,"column":31}},"loc":{"start":{"line":80,"column":37},"end":{"line":80,"column":null}},"line":80},"12":{"name":"(anonymous_12)","decl":{"start":{"line":86,"column":23},"end":{"line":86,"column":27}},"loc":{"start":{"line":87,"column":20},"end":{"line":92,"column":null}},"line":87}},"branchMap":{"0":{"loc":{"start":{"line":10,"column":18},"end":{"line":12,"column":null}},"type":"cond-expr","locations":[{"start":{"line":11,"column":10},"end":{"line":11,"column":null}},{"start":{"line":12,"column":10},"end":{"line":12,"column":null}}],"line":10},"1":{"loc":{"start":{"line":15,"column":8},"end":{"line":26,"column":null}},"type":"if","locations":[{"start":{"line":15,"column":8},"end":{"line":26,"column":null}},{"start":{},"end":{}}],"line":15},"2":{"loc":{"start":{"line":16,"column":12},"end":{"line":25,"column":null}},"type":"if","locations":[{"start":{"line":16,"column":12},"end":{"line":25,"column":null}},{"start":{"line":21,"column":19},"end":{"line":25,"column":null}}],"line":16},"3":{"loc":{"start":{"line":18,"column":20},"end":{"line":18,"column":null}},"type":"if","locations":[{"start":{"line":18,"column":20},"end":{"line":18,"column":null}},{"start":{},"end":{}}],"line":18},"4":{"loc":{"start":{"line":21,"column":19},"end":{"line":25,"column":null}},"type":"if","locations":[{"start":{"line":21,"column":19},"end":{"line":25,"column":null}},{"start":{"line":23,"column":19},"end":{"line":25,"column":null}}],"line":21},"5":{"loc":{"start":{"line":22,"column":47},"end":{"line":22,"column":84}},"type":"cond-expr","locations":[{"start":{"line":22,"column":71},"end":{"line":22,"column":83}},{"start":{"line":22,"column":83},"end":{"line":22,"column":84}}],"line":22},"6":{"loc":{"start":{"line":23,"column":19},"end":{"line":25,"column":null}},"type":"if","locations":[{"start":{"line":23,"column":19},"end":{"line":25,"column":null}},{"start":{},"end":{}}],"line":23},"7":{"loc":{"start":{"line":32,"column":39},"end":{"line":32,"column":95}},"type":"binary-expr","locations":[{"start":{"line":32,"column":39},"end":{"line":32,"column":71}},{"start":{"line":32,"column":71},"end":{"line":32,"column":95}}],"line":32},"8":{"loc":{"start":{"line":35,"column":12},"end":{"line":38,"column":null}},"type":"if","locations":[{"start":{"line":35,"column":12},"end":{"line":38,"column":null}},{"start":{},"end":{}}],"line":35},"9":{"loc":{"start":{"line":46,"column":8},"end":{"line":46,"column":null}},"type":"if","locations":[{"start":{"line":46,"column":8},"end":{"line":46,"column":null}},{"start":{},"end":{}}],"line":46},"10":{"loc":{"start":{"line":49,"column":35},"end":{"line":49,"column":91}},"type":"binary-expr","locations":[{"start":{"line":49,"column":35},"end":{"line":49,"column":67}},{"start":{"line":49,"column":67},"end":{"line":49,"column":91}}],"line":49},"11":{"loc":{"start":{"line":58,"column":8},"end":{"line":60,"column":null}},"type":"if","locations":[{"start":{"line":58,"column":8},"end":{"line":60,"column":null}},{"start":{},"end":{}}],"line":58},"12":{"loc":{"start":{"line":63,"column":4},"end":{"line":63,"column":null}},"type":"if","locations":[{"start":{"line":63,"column":4},"end":{"line":63,"column":null}},{"start":{},"end":{}}],"line":63},"13":{"loc":{"start":{"line":70,"column":27},"end":{"line":70,"column":null}},"type":"cond-expr","locations":[{"start":{"line":70,"column":41},"end":{"line":70,"column":50}},{"start":{"line":70,"column":50},"end":{"line":70,"column":null}}],"line":70},"14":{"loc":{"start":{"line":71,"column":27},"end":{"line":71,"column":null}},"type":"cond-expr","locations":[{"start":{"line":71,"column":41},"end":{"line":71,"column":53}},{"start":{"line":71,"column":53},"end":{"line":71,"column":null}}],"line":71},"15":{"loc":{"start":{"line":94,"column":17},"end":{"line":97,"column":null}},"type":"binary-expr","locations":[{"start":{"line":94,"column":17},"end":{"line":94,"column":null}},{"start":{"line":95,"column":20},"end":{"line":97,"column":null}}],"line":94}},"s":{"0":40,"1":40,"2":40,"3":40,"4":40,"5":0,"6":0,"7":0,"8":0,"9":0,"10":0,"11":0,"12":0,"13":0,"14":0,"15":0,"16":0,"17":0,"18":0,"19":0,"20":40,"21":3,"22":3,"23":3,"24":3,"25":3,"26":3,"27":3,"28":3,"29":40,"30":1,"31":1,"32":0,"33":1,"34":1,"35":1,"36":1,"37":40,"38":5,"39":35,"40":32,"41":105},"f":{"0":40,"1":0,"2":0,"3":0,"4":0,"5":0,"6":0,"7":0,"8":3,"9":3,"10":1,"11":32,"12":105},"b":{"0":[40,0],"1":[0,0],"2":[0,0],"3":[0,0],"4":[0,0],"5":[0,0],"6":[0,0],"7":[3,0],"8":[3,0],"9":[0,1],"10":[1,0],"11":[1,0],"12":[5,35],"13":[35,0],"14":[35,0],"15":[40,0]},"meta":{"lastBranch":16,"lastFunction":13,"lastStatement":42,"seen":{"f:5:9:5:23":0,"s:6:18:6:Infinity":0,"s:7:20:7:Infinity":1,"s:8:25:8:Infinity":2,"s:10:18:12:Infinity":3,"b:11:10:11:Infinity:12:10:12:Infinity":0,"s:14:12:27:Infinity":4,"f:14:41:14:49":1,"b:15:8:26:Infinity:undefined:undefined:undefined:undefined":1,"s:15:8:26:Infinity":5,"b:16:12:25:Infinity:21:19:25:Infinity":2,"s:16:12:25:Infinity":6,"s:17:16:20:Infinity":7,"f:17:16:17:25":2,"b:18:20:18:Infinity:undefined:undefined:undefined:undefined":3,"s:18:20:18:Infinity":8,"f:18:29:18:34":3,"s:18:39:18:60":9,"s:18:63:18:Infinity":10,"s:19:20:19:Infinity":11,"b:21:19:25:Infinity:23:19:25:Infinity":4,"s:21:19:25:Infinity":12,"s:22:16:22:Infinity":13,"f:22:16:22:25":4,"s:22:33:22:85":14,"f:22:38:22:42":5,"s:22:47:22:84":15,"b:22:71:22:83:22:83:22:84":5,"b:23:19:25:Infinity:undefined:undefined:undefined:undefined":6,"s:23:19:25:Infinity":16,"s:24:16:24:Infinity":17,"f:24:16:24:25":6,"s:24:33:24:72":18,"f:24:38:24:45":7,"s:24:50:24:71":19,"s:29:4:42:Infinity":20,"f:29:4:29:20":8,"s:30:27:40:Infinity":21,"f:30:27:30:39":9,"s:31:26:31:Infinity":22,"s:32:24:34:Infinity":23,"b:32:39:32:71:32:71:32:95":7,"b:35:12:38:Infinity:undefined:undefined:undefined:undefined":8,"s:35:12:38:Infinity":24,"s:36:29:36:Infinity":25,"s:37:16:37:Infinity":26,"s:39:12:39:Infinity":27,"s:41:8:41:Infinity":28,"s:44:25:61:Infinity":29,"f:44:25:44:32":10,"s:45:8:45:Infinity":30,"b:46:8:46:Infinity:undefined:undefined:undefined:undefined":9,"s:46:8:46:Infinity":31,"s:46:34:46:Infinity":32,"s:48:22:48:Infinity":33,"s:49:20:56:Infinity":34,"b:49:35:49:67:49:67:49:91":10,"b:58:8:60:Infinity:undefined:undefined:undefined:undefined":11,"s:58:8:60:Infinity":35,"s:59:12:59:Infinity":36,"b:63:4:63:Infinity:undefined:undefined:undefined:undefined":12,"s:63:4:63:Infinity":37,"s:63:17:63:Infinity":38,"s:65:4:98:Infinity":39,"b:70:41:70:50:70:50:70:Infinity":13,"b:71:41:71:53:71:53:71:Infinity":14,"f:80:20:80:31":11,"s:80:37:80:Infinity":40,"f:86:23:86:27":12,"s:87:20:92:Infinity":41,"b:94:17:94:Infinity:95:20:97:Infinity":15},"fnNames":{}}}
}
